<?xml version="1.0" encoding="UTF-8"?>
<testng-results ignored="0" total="2" passed="2" failed="0" skipped="0">
  <reporter-output>
  </reporter-output>
  <suite started-at="2018-05-07T14:32:51Z" name="Default suite" finished-at="2018-05-07T14:32:51Z" duration-ms="30">
    <groups>
    </groups>
    <test started-at="2018-05-07T14:32:51Z" name="Default test" finished-at="2018-05-07T14:32:51Z" duration-ms="30">
      <class name="practise.SplitterTest">
        <test-method signature="verifySimpleSplitterTest()[pri:1, instance:practise.SplitterTest@24313fcc]" started-at="2018-05-07T14:32:51Z" name="verifySimpleSplitterTest" finished-at="2018-05-07T14:32:51Z" duration-ms="9" status="PASS">
          <reporter-output>
          </reporter-output>
        </test-method> <!-- verifySimpleSplitterTest -->
        <test-method signature="verifyComplexSplitterTest()[pri:2, instance:practise.SplitterTest@24313fcc]" started-at="2018-05-07T14:32:51Z" name="verifyComplexSplitterTest" finished-at="2018-05-07T14:32:51Z" duration-ms="1" status="PASS">
          <reporter-output>
          </reporter-output>
        </test-method> <!-- verifyComplexSplitterTest -->
      </class> <!-- practise.SplitterTest -->
    </test> <!-- Default test -->
  </suite> <!-- Default suite -->
</testng-results>
